<?xml version="1.0" encoding="UTF-8"?>
<testng-results ignored="0" total="1" passed="1" failed="0" skipped="0">
  <reporter-output>
  </reporter-output>
  <suite started-at="2024-12-19T17:13:42 JST" name="Default suite" finished-at="2024-12-19T17:13:42 JST" duration-ms="77">
    <groups>
    </groups>
    <test started-at="2024-12-19T17:13:42 JST" name="Default test" finished-at="2024-12-19T17:13:42 JST" duration-ms="77">
      <class name="PS1">
        <test-method is-config="true" signature="beforeRun()[pri:0, instance:PS1@175c2241]" started-at="2024-12-19T17:13:42 JST" name="beforeRun" finished-at="2024-12-19T17:13:42 JST" duration-ms="7" status="PASS">
          <reporter-output>
          </reporter-output>
        </test-method> <!-- beforeRun -->
        <test-method signature="testRun()[pri:0, instance:PS1@175c2241]" started-at="2024-12-19T17:13:42 JST" name="testRun" finished-at="2024-12-19T17:13:42 JST" duration-ms="12" status="PASS">
          <reporter-output>
          </reporter-output>
        </test-method> <!-- testRun -->
      </class> <!-- PS1 -->
    </test> <!-- Default test -->
  </suite> <!-- Default suite -->
</testng-results>
